This file contains any messages produced by compilers while
running configure, to aid debugging if configure makes a mistake.

It was created by configure, which was
generated by GNU Autoconf 2.69.  Invocation command line was

  $ ./configure 

## --------- ##
## Platform. ##
## --------- ##

hostname = andrew-ms7c02
uname -m = x86_64
uname -r = 5.4.30-1-MANJARO
uname -s = Linux
uname -v = #1 SMP PREEMPT Thu Apr 2 17:31:45 UTC 2020

/usr/bin/uname -p = unknown
/bin/uname -X     = unknown

/bin/arch              = unknown
/usr/bin/arch -k       = unknown
/usr/convex/getsysinfo = unknown
/usr/bin/hostinfo      = unknown
/bin/machine           = unknown
/usr/bin/oslevel       = unknown
/bin/universe          = unknown

PATH: /home/andrewl/.local/bin
PATH: /usr/local/sbin
PATH: /usr/local/bin
PATH: /usr/bin
PATH: /usr/bin/site_perl
PATH: /usr/bin/vendor_perl
PATH: /usr/bin/core_perl
PATH: /var/lib/snapd/snap/bin


## ----------- ##
## Core tests. ##
## ----------- ##

configure:1901: checking for gcc
configure:1928: result: gcc
configure:2157: checking for C compiler version
configure:2166: gcc --version >&5
gcc (Arch Linux 9.3.0-1) 9.3.0
Copyright (C) 2019 Free Software Foundation, Inc.
This is free software; see the source for copying conditions.  There is NO
warranty; not even for MERCHANTABILITY or FITNESS FOR A PARTICULAR PURPOSE.

configure:2177: $? = 0
configure:2166: gcc -v >&5
Using built-in specs.
COLLECT_GCC=gcc
COLLECT_LTO_WRAPPER=/usr/lib/gcc/x86_64-pc-linux-gnu/9.3.0/lto-wrapper
Target: x86_64-pc-linux-gnu
Configured with: /build/gcc/src/gcc/configure --prefix=/usr --libdir=/usr/lib --libexecdir=/usr/lib --mandir=/usr/share/man --infodir=/usr/share/info --with-pkgversion='Arch Linux 9.3.0-1' --with-bugurl=https://bugs.archlinux.org/ --enable-languages=c,c++,ada,fortran,go,lto,objc,obj-c++,d --enable-shared --enable-threads=posix --with-system-zlib --with-isl --enable-__cxa_atexit --disable-libunwind-exceptions --enable-clocale=gnu --disable-libstdcxx-pch --disable-libssp --enable-gnu-unique-object --enable-linker-build-id --enable-lto --enable-plugin --enable-install-libiberty --with-linker-hash-style=gnu --enable-gnu-indirect-function --enable-multilib --disable-werror --enable-checking=release --enable-default-pie --enable-default-ssp --enable-cet=auto gdc_include_dir=/usr/include/dlang/gdc
Thread model: posix
gcc version 9.3.0 (Arch Linux 9.3.0-1) 
configure:2177: $? = 0
configure:2166: gcc -V >&5
gcc: error: unrecognized command line option '-V'
gcc: fatal error: no input files
compilation terminated.
configure:2177: $? = 1
configure:2166: gcc -qversion >&5
gcc: error: unrecognized command line option '-qversion'; did you mean '--version'?
gcc: fatal error: no input files
compilation terminated.
configure:2177: $? = 1
configure:2197: checking whether the C compiler works
configure:2219: gcc -march=x86-64 -mtune=generic -O2 -pipe -fno-plt   conftest.c  >&5
configure:2223: $? = 0
configure:2271: result: yes
configure:2274: checking for C compiler default output file name
configure:2276: result: a.out
configure:2282: checking for suffix of executables
configure:2289: gcc -o conftest -march=x86-64 -mtune=generic -O2 -pipe -fno-plt   conftest.c  >&5
configure:2293: $? = 0
configure:2315: result: 
configure:2337: checking whether we are cross compiling
configure:2345: gcc -o conftest -march=x86-64 -mtune=generic -O2 -pipe -fno-plt   conftest.c  >&5
configure:2349: $? = 0
configure:2356: ./conftest
configure:2360: $? = 0
configure:2348: result: no
configure:2353: checking for suffix of object files
configure:2375: gcc -c -march=x86-64 -mtune=generic -O2 -pipe -fno-plt  conftest.c >&5
configure:2379: $? = 0
configure:2400: result: o
configure:2404: checking whether we are using the GNU C compiler
configure:2423: gcc -c -march=x86-64 -mtune=generic -O2 -pipe -fno-plt  conftest.c >&5
configure:2423: $? = 0
configure:2432: result: yes
configure:2441: checking whether gcc accepts -g
configure:2461: gcc -c -g  conftest.c >&5
configure:2461: $? = 0
configure:2502: result: yes
configure:2519: checking for gcc option to accept ISO C89
configure:2582: gcc  -c -march=x86-64 -mtune=generic -O2 -pipe -fno-plt  conftest.c >&5
configure:2582: $? = 0
configure:2595: result: none needed
configure:2620: checking how to run the C preprocessor
configure:2690: result: gcc -E
configure:2710: gcc -E  conftest.c
configure:2710: $? = 0
configure:2724: gcc -E  conftest.c
conftest.c:9:10: fatal error: ac_nonexistent.h: No such file or directory
    9 | #include <ac_nonexistent.h>
      |          ^~~~~~~~~~~~~~~~~~
compilation terminated.
configure:2724: $? = 1
configure: failed program was:
| /* confdefs.h */
| #define PACKAGE_NAME ""
| #define PACKAGE_TARNAME ""
| #define PACKAGE_VERSION ""
| #define PACKAGE_STRING ""
| #define PACKAGE_BUGREPORT ""
| #define PACKAGE_URL ""
| /* end confdefs.h.  */
| #include <ac_nonexistent.h>
configure:2800: checking for gcc
configure:2827: result: gcc
configure:3056: checking for C compiler version
configure:3065: gcc --version >&5
gcc (Arch Linux 9.3.0-1) 9.3.0
Copyright (C) 2019 Free Software Foundation, Inc.
This is free software; see the source for copying conditions.  There is NO
warranty; not even for MERCHANTABILITY or FITNESS FOR A PARTICULAR PURPOSE.

configure:3076: $? = 0
configure:3065: gcc -v >&5
Using built-in specs.
COLLECT_GCC=gcc
COLLECT_LTO_WRAPPER=/usr/lib/gcc/x86_64-pc-linux-gnu/9.3.0/lto-wrapper
Target: x86_64-pc-linux-gnu
Configured with: /build/gcc/src/gcc/configure --prefix=/usr --libdir=/usr/lib --libexecdir=/usr/lib --mandir=/usr/share/man --infodir=/usr/share/info --with-pkgversion='Arch Linux 9.3.0-1' --with-bugurl=https://bugs.archlinux.org/ --enable-languages=c,c++,ada,fortran,go,lto,objc,obj-c++,d --enable-shared --enable-threads=posix --with-system-zlib --with-isl --enable-__cxa_atexit --disable-libunwind-exceptions --enable-clocale=gnu --disable-libstdcxx-pch --disable-libssp --enable-gnu-unique-object --enable-linker-build-id --enable-lto --enable-plugin --enable-install-libiberty --with-linker-hash-style=gnu --enable-gnu-indirect-function --enable-multilib --disable-werror --enable-checking=release --enable-default-pie --enable-default-ssp --enable-cet=auto gdc_include_dir=/usr/include/dlang/gdc
Thread model: posix
gcc version 9.3.0 (Arch Linux 9.3.0-1) 
configure:3076: $? = 0
configure:3065: gcc -V >&5
gcc: error: unrecognized command line option '-V'
gcc: fatal error: no input files
compilation terminated.
configure:3076: $? = 1
configure:3065: gcc -qversion >&5
gcc: error: unrecognized command line option '-qversion'; did you mean '--version'?
gcc: fatal error: no input files
compilation terminated.
configure:3076: $? = 1
configure:3080: checking whether we are using the GNU C compiler
configure:3108: result: yes
configure:3117: checking whether gcc accepts -g
configure:3178: result: yes
configure:3195: checking for gcc option to accept ISO C89
configure:3271: result: none needed
configure:3348: checking for pkg-config
configure:3366: found /usr/bin/pkg-config
configure:3378: result: /usr/bin/pkg-config
configure:3403: checking pkg-config is at least version 0.9.0
configure:3406: result: yes
configure:3417: checking for FFTW
configure:3424: $PKG_CONFIG --exists --print-errors "fftw3"
configure:3427: $? = 0
configure:3440: $PKG_CONFIG --exists --print-errors "fftw3"
configure:3443: $? = 0
configure:3497: result: yes
configure:3654: creating ./config.status

## ---------------------- ##
## Running config.status. ##
## ---------------------- ##

This file was extended by config.status, which was
generated by GNU Autoconf 2.69.  Invocation command line was

  CONFIG_FILES    = 
  CONFIG_HEADERS  = 
  CONFIG_LINKS    = 
  CONFIG_COMMANDS = 
  $ ./config.status 

on andrew-ms7c02

config.status:720: creating src/Makevars

## ---------------- ##
## Cache variables. ##
## ---------------- ##

ac_cv_c_compiler_gnu=yes
ac_cv_env_CC_set=
ac_cv_env_CC_value=
ac_cv_env_CFLAGS_set=
ac_cv_env_CFLAGS_value=
ac_cv_env_CPPFLAGS_set=
ac_cv_env_CPPFLAGS_value=
ac_cv_env_CPP_set=
ac_cv_env_CPP_value=
ac_cv_env_FFTW_CFLAGS_set=
ac_cv_env_FFTW_CFLAGS_value=
ac_cv_env_FFTW_LIBS_set=
ac_cv_env_FFTW_LIBS_value=
ac_cv_env_LDFLAGS_set=
ac_cv_env_LDFLAGS_value=
ac_cv_env_LIBS_set=
ac_cv_env_LIBS_value=
ac_cv_env_PKG_CONFIG_set=
ac_cv_env_PKG_CONFIG_value=
ac_cv_env_build_alias_set=
ac_cv_env_build_alias_value=
ac_cv_env_host_alias_set=
ac_cv_env_host_alias_value=
ac_cv_env_target_alias_set=
ac_cv_env_target_alias_value=
ac_cv_objext=o
ac_cv_path_ac_pt_PKG_CONFIG=/usr/bin/pkg-config
ac_cv_prog_CPP='gcc -E'
ac_cv_prog_ac_ct_CC=gcc
ac_cv_prog_cc_c89=
ac_cv_prog_cc_g=yes
pkg_cv_FFTW_CFLAGS=
pkg_cv_FFTW_LIBS='-lfftw3 '

## ----------------- ##
## Output variables. ##
## ----------------- ##

CC='gcc'
CFLAGS='-march=x86-64 -mtune=generic -O2 -pipe -fno-plt'
CPP='gcc -E'
CPPFLAGS=''
CXXFLAGS='-march=x86-64 -mtune=generic -O2 -pipe -fno-plt'
DEFS='-DPACKAGE_NAME=\"\" -DPACKAGE_TARNAME=\"\" -DPACKAGE_VERSION=\"\" -DPACKAGE_STRING=\"\" -DPACKAGE_BUGREPORT=\"\" -DPACKAGE_URL=\"\"'
ECHO_C=''
ECHO_N='-n'
ECHO_T=''
EXEEXT=''
FFTW_CFLAGS=''
FFTW_LIBS='-lfftw3 '
LDFLAGS=''
LIBOBJS=''
LIBS=''
LTLIBOBJS=''
OBJEXT='o'
PACKAGE_BUGREPORT=''
PACKAGE_NAME=''
PACKAGE_STRING=''
PACKAGE_TARNAME=''
PACKAGE_URL=''
PACKAGE_VERSION=''
PATH_SEPARATOR=':'
PKG_CONFIG='/usr/bin/pkg-config'
SHELL='/bin/sh'
ac_ct_CC='gcc'
bindir='${exec_prefix}/bin'
build_alias=''
datadir='${datarootdir}'
datarootdir='${prefix}/share'
docdir='${datarootdir}/doc/${PACKAGE}'
dvidir='${docdir}'
exec_prefix='${prefix}'
host_alias=''
htmldir='${docdir}'
includedir='${prefix}/include'
infodir='${datarootdir}/info'
libdir='${exec_prefix}/lib'
libexecdir='${exec_prefix}/libexec'
localedir='${datarootdir}/locale'
localstatedir='${prefix}/var'
mandir='${datarootdir}/man'
oldincludedir='/usr/include'
pdfdir='${docdir}'
prefix='/usr/local'
program_transform_name='s,x,x,'
psdir='${docdir}'
runstatedir='${localstatedir}/run'
sbindir='${exec_prefix}/sbin'
sharedstatedir='${prefix}/com'
sysconfdir='${prefix}/etc'
target_alias=''

## ----------- ##
## confdefs.h. ##
## ----------- ##

/* confdefs.h */
#define PACKAGE_NAME ""
#define PACKAGE_TARNAME ""
#define PACKAGE_VERSION ""
#define PACKAGE_STRING ""
#define PACKAGE_BUGREPORT ""
#define PACKAGE_URL ""

configure: exit 0
